# JRE version: Java(TM) SE Runtime Environment (8.0_66-b18) (build 1.8.0_66-b18)
# Java VM: Java HotSpot(TM) 64-Bit Server VM (25.66-b18 mixed mode windows-amd64 compressed oops)
Heap:
 PSYoungGen      total 198144K, used 132159K [0x00000000eab00000, 0x00000000f8a80000, 0x0000000100000000)
  eden space 180736K, 73% used [0x00000000eab00000,0x00000000f2c0fe80,0x00000000f5b80000)
  from space 17408K, 0% used [0x00000000f5d80000,0x00000000f5d80000,0x00000000f6e80000)
  to   space 24064K, 0% used [0x00000000f7300000,0x00000000f7300000,0x00000000f8a80000)
 ParOldGen       total 100864K, used 43613K [0x00000000c0000000, 0x00000000c6280000, 0x00000000eab00000)
  object space 100864K, 43% used [0x00000000c0000000,0x00000000c2a97790,0x00000000c6280000)
 Metaspace       used 49346K, capacity 50808K, committed 50856K, reserved 1093632K
  class space    used 6692K, capacity 7070K, committed 7080K, reserved 1048576K
GC Heap History (10 events):
Event: 8.815 GC heap before
{Heap before GC invocations=10 (full 1):
 PSYoungGen      total 157184K, used 143475K [0x00000000eab00000, 0x00000000f5300000, 0x0000000100000000)
  eden space 146432K, 90% used [0x00000000eab00000,0x00000000f2ca1e98,0x00000000f3a00000)
  from space 10752K, 99% used [0x00000000f4680000,0x00000000f50fb0f8,0x00000000f5100000)
  to   space 12800K, 0% used [0x00000000f3a00000,0x00000000f3a00000,0x00000000f4680000)
 ParOldGen       total 61952K, used 8764K [0x00000000c0000000, 0x00000000c3c80000, 0x00000000eab00000)
  object space 61952K, 14% used [0x00000000c0000000,0x00000000c088f0b8,0x00000000c3c80000)
 Metaspace       used 34396K, capacity 35248K, committed 35496K, reserved 1079296K
  class space    used 4566K, capacity 4758K, committed 4776K, reserved 1048576K
Event: 8.845 GC heap after
Heap after GC invocations=10 (full 1):
 PSYoungGen      total 159232K, used 12786K [0x00000000eab00000, 0x00000000f7f80000, 0x0000000100000000)
  eden space 146432K, 0% used [0x00000000eab00000,0x00000000eab00000,0x00000000f3a00000)
  from space 12800K, 99% used [0x00000000f3a00000,0x00000000f467cac8,0x00000000f4680000)
  to   space 14848K, 0% used [0x00000000f7100000,0x00000000f7100000,0x00000000f7f80000)
 ParOldGen       total 61952K, used 8818K [0x00000000c0000000, 0x00000000c3c80000, 0x00000000eab00000)
  object space 61952K, 14% used [0x00000000c0000000,0x00000000c089c948,0x00000000c3c80000)
 Metaspace       used 34396K, capacity 35248K, committed 35496K, reserved 1079296K
  class space    used 4566K, capacity 4758K, committed 4776K, reserved 1048576K
}
Event: 8.845 GC heap before
{Heap before GC invocations=11 (full 2):
 PSYoungGen      total 159232K, used 12786K [0x00000000eab00000, 0x00000000f7f80000, 0x0000000100000000)
  eden space 146432K, 0% used [0x00000000eab00000,0x00000000eab00000,0x00000000f3a00000)
  from space 12800K, 99% used [0x00000000f3a00000,0x00000000f467cac8,0x00000000f4680000)
  to   space 14848K, 0% used [0x00000000f7100000,0x00000000f7100000,0x00000000f7f80000)
 ParOldGen       total 61952K, used 8818K [0x00000000c0000000, 0x00000000c3c80000, 0x00000000eab00000)
  object space 61952K, 14% used [0x00000000c0000000,0x00000000c089c948,0x00000000c3c80000)
 Metaspace       used 34396K, capacity 35248K, committed 35496K, reserved 1079296K
  class space    used 4566K, capacity 4758K, committed 4776K, reserved 1048576K
Event: 8.994 GC heap after
Heap after GC invocations=11 (full 2):
 PSYoungGen      total 159232K, used 0K [0x00000000eab00000, 0x00000000f7f80000, 0x0000000100000000)
  eden space 146432K, 0% used [0x00000000eab00000,0x00000000eab00000,0x00000000f3a00000)
  from space 12800K, 0% used [0x00000000f3a00000,0x00000000f3a00000,0x00000000f4680000)
  to   space 14848K, 0% used [0x00000000f7100000,0x00000000f7100000,0x00000000f7f80000)
 ParOldGen       total 100864K, used 18604K [0x00000000c0000000, 0x00000000c6280000, 0x00000000eab00000)
  object space 100864K, 18% used [0x00000000c0000000,0x00000000c122b028,0x00000000c6280000)
 Metaspace       used 34300K, capacity 35074K, committed 35496K, reserved 1079296K
  class space    used 4536K, capacity 4724K, committed 4776K, reserved 1048576K
}
Event: 11.045 GC heap before
{Heap before GC invocations=12 (full 2):
 PSYoungGen      total 159232K, used 146432K [0x00000000eab00000, 0x00000000f7f80000, 0x0000000100000000)
  eden space 146432K, 100% used [0x00000000eab00000,0x00000000f3a00000,0x00000000f3a00000)
  from space 12800K, 0% used [0x00000000f3a00000,0x00000000f3a00000,0x00000000f4680000)
  to   space 14848K, 0% used [0x00000000f7100000,0x00000000f7100000,0x00000000f7f80000)
 ParOldGen       total 100864K, used 18604K [0x00000000c0000000, 0x00000000c6280000, 0x00000000eab00000)
  object space 100864K, 18% used [0x00000000c0000000,0x00000000c122b028,0x00000000c6280000)
 Metaspace       used 42920K, capacity 43722K, committed 44200K, reserved 1087488K
  class space    used 5722K, capacity 5925K, committed 6056K, reserved 1048576K
Event: 11.070 GC heap after
Heap after GC invocations=12 (full 2):
 PSYoungGen      total 195584K, used 14817K [0x00000000eab00000, 0x00000000f7f80000, 0x0000000100000000)
  eden space 180736K, 0% used [0x00000000eab00000,0x00000000eab00000,0x00000000f5b80000)
  from space 14848K, 99% used [0x00000000f7100000,0x00000000f7f785a8,0x00000000f7f80000)
  to   space 17408K, 0% used [0x00000000f5d80000,0x00000000f5d80000,0x00000000f6e80000)
 ParOldGen       total 100864K, used 19407K [0x00000000c0000000, 0x00000000c6280000, 0x00000000eab00000)
  object space 100864K, 19% used [0x00000000c0000000,0x00000000c12f3d20,0x00000000c6280000)
 Metaspace       used 42920K, capacity 43722K, committed 44200K, reserved 1087488K
  class space    used 5722K, capacity 5925K, committed 6056K, reserved 1048576K
}
Event: 13.674 GC heap before
{Heap before GC invocations=13 (full 2):
 PSYoungGen      total 195584K, used 183112K [0x00000000eab00000, 0x00000000f7f80000, 0x0000000100000000)
  eden space 180736K, 93% used [0x00000000eab00000,0x00000000f4f59cd8,0x00000000f5b80000)
  from space 14848K, 99% used [0x00000000f7100000,0x00000000f7f785a8,0x00000000f7f80000)
  to   space 17408K, 0% used [0x00000000f5d80000,0x00000000f5d80000,0x00000000f6e80000)
 ParOldGen       total 100864K, used 19407K [0x00000000c0000000, 0x00000000c6280000, 0x00000000eab00000)
  object space 100864K, 19% used [0x00000000c0000000,0x00000000c12f3d20,0x00000000c6280000)
 Metaspace       used 48754K, capacity 50138K, committed 50344K, reserved 1093632K
  class space    used 6665K, capacity 7039K, committed 7080K, reserved 1048576K
Event: 13.709 GC heap after
Heap after GC invocations=13 (full 2):
 PSYoungGen      total 198144K, used 17383K [0x00000000eab00000, 0x00000000f8a80000, 0x0000000100000000)
  eden space 180736K, 0% used [0x00000000eab00000,0x00000000eab00000,0x00000000f5b80000)
  from space 17408K, 99% used [0x00000000f5d80000,0x00000000f6e79e88,0x00000000f6e80000)
  to   space 24064K, 0% used [0x00000000f7300000,0x00000000f7300000,0x00000000f8a80000)
 ParOldGen       total 100864K, used 31218K [0x00000000c0000000, 0x00000000c6280000, 0x00000000eab00000)
  object space 100864K, 30% used [0x00000000c0000000,0x00000000c1e7ca20,0x00000000c6280000)
 Metaspace       used 48754K, capacity 50138K, committed 50344K, reserved 1093632K
  class space    used 6665K, capacity 7039K, committed 7080K, reserved 1048576K
}
Event: 13.709 GC heap before
{Heap before GC invocations=14 (full 3):
 PSYoungGen      total 198144K, used 17383K [0x00000000eab00000, 0x00000000f8a80000, 0x0000000100000000)
  eden space 180736K, 0% used [0x00000000eab00000,0x00000000eab00000,0x00000000f5b80000)
  from space 17408K, 99% used [0x00000000f5d80000,0x00000000f6e79e88,0x00000000f6e80000)
  to   space 24064K, 0% used [0x00000000f7300000,0x00000000f7300000,0x00000000f8a80000)
 ParOldGen       total 100864K, used 31218K [0x00000000c0000000, 0x00000000c6280000, 0x00000000eab00000)
  object space 100864K, 30% used [0x00000000c0000000,0x00000000c1e7ca20,0x00000000c6280000)
 Metaspace       used 48754K, capacity 50138K, committed 50344K, reserved 1093632K
  class space    used 6665K, capacity 7039K, committed 7080K, reserved 1048576K
Event: 14.038 GC heap after
Heap after GC invocations=14 (full 3):
 PSYoungGen      total 198144K, used 0K [0x00000000eab00000, 0x00000000f8a80000, 0x0000000100000000)
  eden space 180736K, 0% used [0x00000000eab00000,0x00000000eab00000,0x00000000f5b80000)
  from space 17408K, 0% used [0x00000000f5d80000,0x00000000f5d80000,0x00000000f6e80000)
  to   space 24064K, 0% used [0x00000000f7300000,0x00000000f7300000,0x00000000f8a80000)
 ParOldGen       total 100864K, used 43613K [0x00000000c0000000, 0x00000000c6280000, 0x00000000eab00000)
  object space 100864K, 43% used [0x00000000c0000000,0x00000000c2a97790,0x00000000c6280000)
 Metaspace       used 48754K, capacity 50138K, committed 50344K, reserved 1093632K
  class space    used 6665K, capacity 7039K, committed 7080K, reserved 1048576K
}

